<?xml version="1.0" encoding="UTF-8"?>
<!-- Generated by org.testng.reporters.JUnitXMLReporter -->
<testsuite ignored="0" hostname="JAMUNA" failures="1" tests="1" name="Test" time="61.392" errors="0" timestamp="2022-10-18T22:31:32 IST">
  <testcase classname="com.mypro.Test.EndToEndTest" name="endToEndTest" time="48.528">
    <failure type="java.lang.IllegalArgumentException" message="Element must be set">
      <![CDATA[java.lang.IllegalArgumentException: Element must be set
at org.openqa.selenium.internal.Require.nonNull(Require.java:59)
at org.openqa.selenium.interactions.PointerInput$Origin.fromElement(PointerInput.java:278)
at org.openqa.selenium.interactions.Actions.moveInTicks(Actions.java:342)
at org.openqa.selenium.interactions.Actions.moveToElement(Actions.java:323)
at com.mypro.actiondriver.Action.click(Action.java:45)
at obj.repository.OrderPage.clickProceedToCheckout(OrderPage.java:57)
at com.mypro.Test.EndToEndTest.endToEndTest(EndToEndTest.java:72)
at java.base/java.util.ArrayList.forEach(ArrayList.java:1541)
... Removed 31 stack frames]]>
    </failure>
  </testcase> <!-- endToEndTest -->
</testsuite> <!-- Test -->
